[2024-05-02 00:23:34,475: INFO: main: This is an info message]
[2024-05-05 12:35:38,043: INFO: common: yaml file: config\config.yaml loaded successfully]
[2024-05-05 12:35:38,050: INFO: common: yaml file: params.yaml loaded successfully]
[2024-05-05 12:37:34,756: INFO: common: yaml file: config\config.yaml loaded successfully]
[2024-05-05 12:37:34,761: INFO: common: yaml file: params.yaml loaded successfully]
[2024-05-05 12:39:20,690: INFO: common: yaml file: config\config.yaml loaded successfully]
[2024-05-05 12:39:20,692: INFO: common: yaml file: params.yaml loaded successfully]
[2024-05-05 12:53:19,505: INFO: common: yaml file: D:\PracticeProjects\NL_Text_Summarization\NL_TEXT_SUMMARIZER\config\config.yaml loaded successfully]
[2024-05-05 12:53:19,506: INFO: common: yaml file: D:\PracticeProjects\NL_Text_Summarization\NL_TEXT_SUMMARIZER\params.yaml loaded successfully]
[2024-05-05 12:53:19,510: INFO: common: created directory at: artifacts]
[2024-05-05 12:53:59,661: INFO: common: yaml file: D:\PracticeProjects\NL_Text_Summarization\NL_TEXT_SUMMARIZER\config\config.yaml loaded successfully]
[2024-05-05 12:53:59,663: INFO: common: yaml file: D:\PracticeProjects\NL_Text_Summarization\NL_TEXT_SUMMARIZER\params.yaml loaded successfully]
[2024-05-05 12:53:59,664: INFO: common: created directory at: artifacts]
[2024-05-05 13:00:53,663: INFO: common: yaml file: D:\PracticeProjects\NL_Text_Summarization\NL_TEXT_SUMMARIZER\config\config.yaml loaded successfully]
[2024-05-05 13:00:53,664: INFO: common: yaml file: D:\PracticeProjects\NL_Text_Summarization\NL_TEXT_SUMMARIZER\params.yaml loaded successfully]
[2024-05-05 13:00:53,664: INFO: common: created directory at: artifacts]
[2024-05-05 13:00:53,665: INFO: common: created directory at: artifacts/data_ingestion]
[2024-05-05 13:00:57,337: INFO: 1427953658: artifacts/data_ingestion/data.zip donloaded with follwoing info:
 Connection: close
Content-Length: 7903594
Cache-Control: max-age=300
Content-Security-Policy: default-src 'none'; style-src 'unsafe-inline'; sandbox
Content-Type: application/zip
ETag: "dbc016a060da18070593b83afff580c9b300f0b6ea4147a7988433e04df246ca"
Strict-Transport-Security: max-age=31536000
X-Content-Type-Options: nosniff
X-Frame-Options: deny
X-XSS-Protection: 1; mode=block
X-GitHub-Request-Id: BCB2:248B02:39C71B:41344D:6637BB45
Accept-Ranges: bytes
Date: Sun, 05 May 2024 17:00:54 GMT
Via: 1.1 varnish
X-Served-By: cache-pdk-katl1840036-PDK
X-Cache: MISS
X-Cache-Hits: 0
X-Timer: S1714928454.106412,VS0,VE233
Vary: Authorization,Accept-Encoding,Origin
Access-Control-Allow-Origin: *
Cross-Origin-Resource-Policy: cross-origin
X-Fastly-Request-ID: 7e3620bfe0e90fe4d17584e9a7c8d92c62e1a415
Expires: Sun, 05 May 2024 17:05:54 GMT
Source-Age: 0

]
[2024-05-05 13:01:38,369: INFO: common: yaml file: D:\PracticeProjects\NL_Text_Summarization\NL_TEXT_SUMMARIZER\config\config.yaml loaded successfully]
[2024-05-05 13:01:38,371: INFO: common: yaml file: D:\PracticeProjects\NL_Text_Summarization\NL_TEXT_SUMMARIZER\params.yaml loaded successfully]
[2024-05-05 13:01:38,372: INFO: common: created directory at: artifacts]
[2024-05-05 13:01:38,373: INFO: common: created directory at: artifacts/data_ingestion]
[2024-05-05 13:01:38,374: INFO: 973615863: artifacts/data_ingestion/data.zip already exists of size: ~ 7718 KB]
